  Artificial Intelligence.cpp
c:\users\bed_ros\downloads\the_cows_in_the_field\the_cows_in_the_field\artificial intelligence.cpp(33): warning C4101: max_satiety: неиспользованная локальная переменная
c:\users\bed_ros\downloads\the_cows_in_the_field\the_cows_in_the_field\artificial intelligence.cpp(40): warning C4101: health: неиспользованная локальная переменная
c:\users\bed_ros\downloads\the_cows_in_the_field\the_cows_in_the_field\artificial intelligence.cpp(37): warning C4101: thirst: неиспользованная локальная переменная
c:\users\bed_ros\downloads\the_cows_in_the_field\the_cows_in_the_field\artificial intelligence.cpp(39): warning C4101: max_health: неиспользованная локальная переменная
c:\users\bed_ros\downloads\the_cows_in_the_field\the_cows_in_the_field\artificial intelligence.cpp(34): warning C4101: satiety: неиспользованная локальная переменная
c:\users\bed_ros\downloads\the_cows_in_the_field\the_cows_in_the_field\artificial intelligence.cpp(36): warning C4101: max_thirst: неиспользованная локальная переменная
  Main.cpp
c:\users\bed_ros\downloads\the_cows_in_the_field\the_cows_in_the_field\tilemap.cpp(32): warning C4244: аргумент: преобразование "unsigned int" в "T", возможна потеря данных
          with
          [
              T=float
          ]
c:\users\bed_ros\downloads\the_cows_in_the_field\the_cows_in_the_field\tilemap.cpp(33): warning C4244: аргумент: преобразование "unsigned int" в "T", возможна потеря данных
          with
          [
              T=float
          ]
c:\users\bed_ros\downloads\the_cows_in_the_field\the_cows_in_the_field\tilemap.cpp(34): warning C4244: аргумент: преобразование "unsigned int" в "T", возможна потеря данных
          with
          [
              T=float
          ]
c:\users\bed_ros\downloads\the_cows_in_the_field\the_cows_in_the_field\tilemap.cpp(35): warning C4244: аргумент: преобразование "unsigned int" в "T", возможна потеря данных
          with
          [
              T=float
          ]
c:\users\bed_ros\downloads\the_cows_in_the_field\the_cows_in_the_field\tilemap.cpp(38): warning C4244: аргумент: преобразование "T" в "T", возможна потеря данных
          with
          [
              T=unsigned int
          ]
          and
          [
              T=float
          ]
c:\users\bed_ros\downloads\the_cows_in_the_field\the_cows_in_the_field\tilemap.cpp(39): warning C4244: аргумент: преобразование "T" в "T", возможна потеря данных
          with
          [
              T=unsigned int
          ]
          and
          [
              T=float
          ]
c:\users\bed_ros\downloads\the_cows_in_the_field\the_cows_in_the_field\tilemap.cpp(40): warning C4244: аргумент: преобразование "T" в "T", возможна потеря данных
          with
          [
              T=unsigned int
          ]
          and
          [
              T=float
          ]
c:\users\bed_ros\downloads\the_cows_in_the_field\the_cows_in_the_field\tilemap.cpp(41): warning C4244: аргумент: преобразование "T" в "T", возможна потеря данных
          with
          [
              T=unsigned int
          ]
          and
          [
              T=float
          ]
c:\users\bed_ros\downloads\the_cows_in_the_field\the_cows_in_the_field\tilecow.cpp(52): warning C4244: аргумент: преобразование "T" в "T", возможна потеря данных
          with
          [
              T=unsigned int
          ]
          and
          [
              T=float
          ]
c:\users\bed_ros\downloads\the_cows_in_the_field\the_cows_in_the_field\tilecow.cpp(53): warning C4244: аргумент: преобразование "T" в "T", возможна потеря данных
          with
          [
              T=unsigned int
          ]
          and
          [
              T=float
          ]
c:\users\bed_ros\downloads\the_cows_in_the_field\the_cows_in_the_field\tilecow.cpp(54): warning C4244: аргумент: преобразование "T" в "T", возможна потеря данных
          with
          [
              T=unsigned int
          ]
          and
          [
              T=float
          ]
c:\users\bed_ros\downloads\the_cows_in_the_field\the_cows_in_the_field\tilecow.cpp(55): warning C4244: аргумент: преобразование "T" в "T", возможна потеря данных
          with
          [
              T=unsigned int
          ]
          and
          [
              T=float
          ]
c:\users\bed_ros\downloads\the_cows_in_the_field\the_cows_in_the_field\tilecow.cpp(61): warning C4244: аргумент: преобразование "T" в "T", возможна потеря данных
          with
          [
              T=unsigned int
          ]
          and
          [
              T=float
          ]
c:\users\bed_ros\downloads\the_cows_in_the_field\the_cows_in_the_field\tilecow.cpp(63): warning C4244: аргумент: преобразование "T" в "T", возможна потеря данных
          with
          [
              T=unsigned int
          ]
          and
          [
              T=float
          ]
c:\users\bed_ros\downloads\the_cows_in_the_field\the_cows_in_the_field\tilecow.cpp(64): warning C4244: аргумент: преобразование "T" в "T", возможна потеря данных
          with
          [
              T=unsigned int
          ]
          and
          [
              T=float
          ]
c:\users\bed_ros\downloads\the_cows_in_the_field\the_cows_in_the_field\tilecow.cpp(68): warning C4244: аргумент: преобразование "T" в "T", возможна потеря данных
          with
          [
              T=unsigned int
          ]
          and
          [
              T=float
          ]
c:\users\bed_ros\downloads\the_cows_in_the_field\the_cows_in_the_field\tilecow.cpp(69): warning C4244: аргумент: преобразование "T" в "T", возможна потеря данных
          with
          [
              T=unsigned int
          ]
          and
          [
              T=float
          ]
c:\users\bed_ros\downloads\the_cows_in_the_field\the_cows_in_the_field\tilecow.cpp(70): warning C4244: аргумент: преобразование "T" в "T", возможна потеря данных
          with
          [
              T=unsigned int
          ]
          and
          [
              T=float
          ]
  TileCow.cpp
c:\users\bed_ros\downloads\the_cows_in_the_field\the_cows_in_the_field\tilecow.cpp(52): warning C4244: аргумент: преобразование "T" в "T", возможна потеря данных
          with
          [
              T=unsigned int
          ]
          and
          [
              T=float
          ]
c:\users\bed_ros\downloads\the_cows_in_the_field\the_cows_in_the_field\tilecow.cpp(53): warning C4244: аргумент: преобразование "T" в "T", возможна потеря данных
          with
          [
              T=unsigned int
          ]
          and
          [
              T=float
          ]
c:\users\bed_ros\downloads\the_cows_in_the_field\the_cows_in_the_field\tilecow.cpp(54): warning C4244: аргумент: преобразование "T" в "T", возможна потеря данных
          with
          [
              T=unsigned int
          ]
          and
          [
              T=float
          ]
c:\users\bed_ros\downloads\the_cows_in_the_field\the_cows_in_the_field\tilecow.cpp(55): warning C4244: аргумент: преобразование "T" в "T", возможна потеря данных
          with
          [
              T=unsigned int
          ]
          and
          [
              T=float
          ]
c:\users\bed_ros\downloads\the_cows_in_the_field\the_cows_in_the_field\tilecow.cpp(61): warning C4244: аргумент: преобразование "T" в "T", возможна потеря данных
          with
          [
              T=unsigned int
          ]
          and
          [
              T=float
          ]
c:\users\bed_ros\downloads\the_cows_in_the_field\the_cows_in_the_field\tilecow.cpp(63): warning C4244: аргумент: преобразование "T" в "T", возможна потеря данных
          with
          [
              T=unsigned int
          ]
          and
          [
              T=float
          ]
c:\users\bed_ros\downloads\the_cows_in_the_field\the_cows_in_the_field\tilecow.cpp(64): warning C4244: аргумент: преобразование "T" в "T", возможна потеря данных
          with
          [
              T=unsigned int
          ]
          and
          [
              T=float
          ]
c:\users\bed_ros\downloads\the_cows_in_the_field\the_cows_in_the_field\tilecow.cpp(68): warning C4244: аргумент: преобразование "T" в "T", возможна потеря данных
          with
          [
              T=unsigned int
          ]
          and
          [
              T=float
          ]
c:\users\bed_ros\downloads\the_cows_in_the_field\the_cows_in_the_field\tilecow.cpp(69): warning C4244: аргумент: преобразование "T" в "T", возможна потеря данных
          with
          [
              T=unsigned int
          ]
          and
          [
              T=float
          ]
c:\users\bed_ros\downloads\the_cows_in_the_field\the_cows_in_the_field\tilecow.cpp(70): warning C4244: аргумент: преобразование "T" в "T", возможна потеря данных
          with
          [
              T=unsigned int
          ]
          and
          [
              T=float
          ]
  TileMap.cpp
c:\users\bed_ros\downloads\the_cows_in_the_field\the_cows_in_the_field\tilemap.cpp(32): warning C4244: аргумент: преобразование "unsigned int" в "T", возможна потеря данных
          with
          [
              T=float
          ]
c:\users\bed_ros\downloads\the_cows_in_the_field\the_cows_in_the_field\tilemap.cpp(33): warning C4244: аргумент: преобразование "unsigned int" в "T", возможна потеря данных
          with
          [
              T=float
          ]
c:\users\bed_ros\downloads\the_cows_in_the_field\the_cows_in_the_field\tilemap.cpp(34): warning C4244: аргумент: преобразование "unsigned int" в "T", возможна потеря данных
          with
          [
              T=float
          ]
c:\users\bed_ros\downloads\the_cows_in_the_field\the_cows_in_the_field\tilemap.cpp(35): warning C4244: аргумент: преобразование "unsigned int" в "T", возможна потеря данных
          with
          [
              T=float
          ]
c:\users\bed_ros\downloads\the_cows_in_the_field\the_cows_in_the_field\tilemap.cpp(38): warning C4244: аргумент: преобразование "T" в "T", возможна потеря данных
          with
          [
              T=unsigned int
          ]
          and
          [
              T=float
          ]
c:\users\bed_ros\downloads\the_cows_in_the_field\the_cows_in_the_field\tilemap.cpp(39): warning C4244: аргумент: преобразование "T" в "T", возможна потеря данных
          with
          [
              T=unsigned int
          ]
          and
          [
              T=float
          ]
c:\users\bed_ros\downloads\the_cows_in_the_field\the_cows_in_the_field\tilemap.cpp(40): warning C4244: аргумент: преобразование "T" в "T", возможна потеря данных
          with
          [
              T=unsigned int
          ]
          and
          [
              T=float
          ]
c:\users\bed_ros\downloads\the_cows_in_the_field\the_cows_in_the_field\tilemap.cpp(41): warning C4244: аргумент: преобразование "T" в "T", возможна потеря данных
          with
          [
              T=unsigned int
          ]
          and
          [
              T=float
          ]
  Создание кода...
  The_cows_in_the_field.vcxproj -> C:\Users\Bed_Ros\Downloads\The_cows_in_the_field\Debug\The_cows_in_the_field.exe
